[0.008s] Invoking command in '/home/danny/hik_ros2_task4/build/hik_camera': CMAKE_PREFIX_PATH=${CMAKE_PREFIX_PATH}:/home/danny/ros2_ws/install/my_first_package:/opt/ros/humble /usr/bin/cmake /home/danny/hik_ros2_task4/src/hik_camera -DCMAKE_INSTALL_PREFIX=/home/danny/hik_ros2_task4/install/hik_camera
[0.084s] -- The C compiler identification is GNU 11.4.0
[0.158s] -- The CXX compiler identification is GNU 11.4.0
[0.167s] -- Detecting C compiler ABI info
[0.255s] -- Detecting C compiler ABI info - done
[0.265s] -- Check for working C compiler: /usr/bin/cc - skipped
[0.265s] -- Detecting C compile features
[0.265s] -- Detecting C compile features - done
[0.269s] -- Detecting CXX compiler ABI info
[0.376s] -- Detecting CXX compiler ABI info - done
[0.386s] -- Check for working CXX compiler: /usr/bin/c++ - skipped
[0.386s] -- Detecting CXX compile features
[0.387s] -- Detecting CXX compile features - done
[0.390s] -- Found ament_cmake: 1.3.12 (/opt/ros/humble/share/ament_cmake/cmake)
[0.591s] -- Found Python3: /usr/bin/python3 (found version "3.10.12") found components: Interpreter 
[0.692s] -- Found rclcpp: 16.0.15 (/opt/ros/humble/share/rclcpp/cmake)
[0.739s] -- Found rosidl_generator_c: 3.1.7 (/opt/ros/humble/share/rosidl_generator_c/cmake)
[0.744s] -- Found rosidl_adapter: 3.1.7 (/opt/ros/humble/share/rosidl_adapter/cmake)
[0.753s] -- Found rosidl_generator_cpp: 3.1.7 (/opt/ros/humble/share/rosidl_generator_cpp/cmake)
[0.766s] -- Using all available rosidl_typesupport_c: rosidl_typesupport_fastrtps_c;rosidl_typesupport_introspection_c
[0.783s] -- Using all available rosidl_typesupport_cpp: rosidl_typesupport_fastrtps_cpp;rosidl_typesupport_introspection_cpp
[0.829s] -- Found rmw_implementation_cmake: 6.1.2 (/opt/ros/humble/share/rmw_implementation_cmake/cmake)
[0.832s] -- Found rmw_fastrtps_cpp: 6.2.8 (/opt/ros/humble/share/rmw_fastrtps_cpp/cmake)
[0.941s] -- Found OpenSSL: /usr/lib/x86_64-linux-gnu/libcrypto.so (found version "3.0.2")  
[0.987s] -- Found FastRTPS: /opt/ros/humble/include  
[1.061s] -- Using RMW implementation 'rmw_fastrtps_cpp' as default
[1.077s] -- Looking for pthread.h
[1.183s] -- Looking for pthread.h - found
[1.184s] -- Performing Test CMAKE_HAVE_LIBC_PTHREAD
[1.278s] -- Performing Test CMAKE_HAVE_LIBC_PTHREAD - Success
[1.279s] -- Found Threads: TRUE  
[1.344s] -- Found sensor_msgs: 4.9.0 (/opt/ros/humble/share/sensor_msgs/cmake)
[1.379s] -- Found image_transport: 3.1.12 (/opt/ros/humble/share/image_transport/cmake)
[1.410s] -- Found camera_info_manager: 3.1.12 (/opt/ros/humble/share/camera_info_manager/cmake)
[1.425s] -- Found ament_lint_auto: 0.12.14 (/opt/ros/humble/share/ament_lint_auto/cmake)
[1.509s] -- Added test 'cppcheck' to perform static code analysis on C / C++ code
[1.509s] -- Configured cppcheck include dirs: 
[1.509s] -- Configured cppcheck exclude dirs and/or files: 
[1.509s] -- Added test 'flake8' to check Python code syntax and style conventions
[1.510s] -- Added test 'lint_cmake' to check CMake code style
[1.510s] -- Added test 'pep257' to check Python code against some of the docstring style conventions in PEP 257
[1.511s] -- Added test 'uncrustify' to check C / C++ code style
[1.511s] -- Configured uncrustify additional arguments: 
[1.512s] -- Added test 'xmllint' to check XML markup files
[1.513s] -- Configuring done
[1.517s] -- Generating done
[1.520s] -- Build files have been written to: /home/danny/hik_ros2_task4/build/hik_camera
[1.534s] Invoked command in '/home/danny/hik_ros2_task4/build/hik_camera' returned '0': CMAKE_PREFIX_PATH=${CMAKE_PREFIX_PATH}:/home/danny/ros2_ws/install/my_first_package:/opt/ros/humble /usr/bin/cmake /home/danny/hik_ros2_task4/src/hik_camera -DCMAKE_INSTALL_PREFIX=/home/danny/hik_ros2_task4/install/hik_camera
[1.535s] Invoking command in '/home/danny/hik_ros2_task4/build/hik_camera': CMAKE_PREFIX_PATH=${CMAKE_PREFIX_PATH}:/home/danny/ros2_ws/install/my_first_package:/opt/ros/humble /usr/bin/cmake --build /home/danny/hik_ros2_task4/build/hik_camera -- -j28 -l28
[1.585s] Invoked command in '/home/danny/hik_ros2_task4/build/hik_camera' returned '0': CMAKE_PREFIX_PATH=${CMAKE_PREFIX_PATH}:/home/danny/ros2_ws/install/my_first_package:/opt/ros/humble /usr/bin/cmake --build /home/danny/hik_ros2_task4/build/hik_camera -- -j28 -l28
[1.597s] Invoking command in '/home/danny/hik_ros2_task4/build/hik_camera': CMAKE_PREFIX_PATH=${CMAKE_PREFIX_PATH}:/home/danny/ros2_ws/install/my_first_package:/opt/ros/humble /usr/bin/cmake --install /home/danny/hik_ros2_task4/build/hik_camera
[1.605s] -- Install configuration: ""
[1.605s] -- Installing: /home/danny/hik_ros2_task4/install/hik_camera/share/ament_index/resource_index/package_run_dependencies/hik_camera
[1.605s] -- Installing: /home/danny/hik_ros2_task4/install/hik_camera/share/ament_index/resource_index/parent_prefix_path/hik_camera
[1.606s] -- Installing: /home/danny/hik_ros2_task4/install/hik_camera/share/hik_camera/environment/ament_prefix_path.sh
[1.606s] -- Installing: /home/danny/hik_ros2_task4/install/hik_camera/share/hik_camera/environment/ament_prefix_path.dsv
[1.606s] -- Installing: /home/danny/hik_ros2_task4/install/hik_camera/share/hik_camera/environment/path.sh
[1.606s] -- Installing: /home/danny/hik_ros2_task4/install/hik_camera/share/hik_camera/environment/path.dsv
[1.606s] -- Installing: /home/danny/hik_ros2_task4/install/hik_camera/share/hik_camera/local_setup.bash
[1.606s] -- Installing: /home/danny/hik_ros2_task4/install/hik_camera/share/hik_camera/local_setup.sh
[1.606s] -- Installing: /home/danny/hik_ros2_task4/install/hik_camera/share/hik_camera/local_setup.zsh
[1.606s] -- Installing: /home/danny/hik_ros2_task4/install/hik_camera/share/hik_camera/local_setup.dsv
[1.606s] -- Installing: /home/danny/hik_ros2_task4/install/hik_camera/share/hik_camera/package.dsv
[1.607s] -- Installing: /home/danny/hik_ros2_task4/install/hik_camera/share/ament_index/resource_index/packages/hik_camera
[1.607s] -- Installing: /home/danny/hik_ros2_task4/install/hik_camera/share/hik_camera/cmake/hik_cameraConfig.cmake
[1.607s] -- Installing: /home/danny/hik_ros2_task4/install/hik_camera/share/hik_camera/cmake/hik_cameraConfig-version.cmake
[1.607s] -- Installing: /home/danny/hik_ros2_task4/install/hik_camera/share/hik_camera/package.xml
[1.609s] Invoked command in '/home/danny/hik_ros2_task4/build/hik_camera' returned '0': CMAKE_PREFIX_PATH=${CMAKE_PREFIX_PATH}:/home/danny/ros2_ws/install/my_first_package:/opt/ros/humble /usr/bin/cmake --install /home/danny/hik_ros2_task4/build/hik_camera
