-- Found ament_cmake: 1.3.12 (/opt/ros/humble/share/ament_cmake/cmake)
-- Found rclcpp: 16.0.15 (/opt/ros/humble/share/rclcpp/cmake)
-- Found rosidl_generator_c: 3.1.7 (/opt/ros/humble/share/rosidl_generator_c/cmake)
-- Found rosidl_adapter: 3.1.7 (/opt/ros/humble/share/rosidl_adapter/cmake)
-- Found rosidl_generator_cpp: 3.1.7 (/opt/ros/humble/share/rosidl_generator_cpp/cmake)
-- Using all available rosidl_typesupport_c: rosidl_typesupport_fastrtps_c;rosidl_typesupport_introspection_c
-- Using all available rosidl_typesupport_cpp: rosidl_typesupport_fastrtps_cpp;rosidl_typesupport_introspection_cpp
-- Found rmw_implementation_cmake: 6.1.2 (/opt/ros/humble/share/rmw_implementation_cmake/cmake)
-- Found rmw_fastrtps_cpp: 6.2.8 (/opt/ros/humble/share/rmw_fastrtps_cpp/cmake)
-- Using RMW implementation 'rmw_fastrtps_cpp' as default
-- Found sensor_msgs: 4.9.0 (/opt/ros/humble/share/sensor_msgs/cmake)
-- Found cv_bridge: 3.2.1 (/opt/ros/humble/share/cv_bridge/cmake)
-- Found image_transport: 3.1.12 (/opt/ros/humble/share/image_transport/cmake)
-- Found camera_info_manager: 3.1.12 (/opt/ros/humble/share/camera_info_manager/cmake)
-- Found Hikvision MVS SDK: /opt/MVS/include, /opt/MVS/lib/64/libMvCameraControl.so
-- Found ament_lint_auto: 0.12.14 (/opt/ros/humble/share/ament_lint_auto/cmake)
-- Added test 'cppcheck' to perform static code analysis on C / C++ code
-- Configured cppcheck include dirs: /home/danny/hik_ros2_task4/src/hik_camera/include
-- Configured cppcheck exclude dirs and/or files: 
-- Added test 'flake8' to check Python code syntax and style conventions
-- Added test 'lint_cmake' to check CMake code style
-- Added test 'pep257' to check Python code against some of the docstring style conventions in PEP 257
-- Added test 'uncrustify' to check C / C++ code style
-- Configured uncrustify additional arguments: 
-- Added test 'xmllint' to check XML markup files
-- Configuring done
-- Generating done
-- Build files have been written to: /home/danny/hik_ros2_task4/build/hik_camera
[35m[1mConsolidate compiler generated dependencies of target hik_camera_node[0m
[ 33%] [32mBuilding CXX object CMakeFiles/hik_camera_node.dir/src/hik_camera_node.cpp.o[0m
[ 66%] [32mBuilding CXX object CMakeFiles/hik_camera_node.dir/src/main.cpp.o[0m
[100%] [32m[1mLinking CXX executable hik_camera_node[0m
[100%] Built target hik_camera_node
-- Install configuration: ""
-- Installing: /home/danny/hik_ros2_task4/install/hik_camera/lib/hik_camera/hik_camera_node
-- Set runtime path of "/home/danny/hik_ros2_task4/install/hik_camera/lib/hik_camera/hik_camera_node" to ""
-- Installing: /home/danny/hik_ros2_task4/install/hik_camera/share/hik_camera/launch
-- Installing: /home/danny/hik_ros2_task4/install/hik_camera/share/hik_camera/launch/real_camera.launch.py
-- Installing: /home/danny/hik_ros2_task4/install/hik_camera/share/hik_camera/config
-- Installing: /home/danny/hik_ros2_task4/install/hik_camera/share/hik_camera/config/hik_camera_params.yaml
-- Installing: /home/danny/hik_ros2_task4/install/hik_camera/share/ament_index/resource_index/package_run_dependencies/hik_camera
-- Installing: /home/danny/hik_ros2_task4/install/hik_camera/share/ament_index/resource_index/parent_prefix_path/hik_camera
-- Up-to-date: /home/danny/hik_ros2_task4/install/hik_camera/share/hik_camera/environment/ament_prefix_path.sh
-- Installing: /home/danny/hik_ros2_task4/install/hik_camera/share/hik_camera/environment/ament_prefix_path.dsv
-- Up-to-date: /home/danny/hik_ros2_task4/install/hik_camera/share/hik_camera/environment/path.sh
-- Installing: /home/danny/hik_ros2_task4/install/hik_camera/share/hik_camera/environment/path.dsv
-- Up-to-date: /home/danny/hik_ros2_task4/install/hik_camera/share/hik_camera/local_setup.bash
-- Up-to-date: /home/danny/hik_ros2_task4/install/hik_camera/share/hik_camera/local_setup.sh
-- Up-to-date: /home/danny/hik_ros2_task4/install/hik_camera/share/hik_camera/local_setup.zsh
-- Installing: /home/danny/hik_ros2_task4/install/hik_camera/share/hik_camera/local_setup.dsv
-- Installing: /home/danny/hik_ros2_task4/install/hik_camera/share/hik_camera/package.dsv
-- Up-to-date: /home/danny/hik_ros2_task4/install/hik_camera/share/ament_index/resource_index/packages/hik_camera
-- Up-to-date: /home/danny/hik_ros2_task4/install/hik_camera/share/hik_camera/cmake/hik_cameraConfig.cmake
-- Up-to-date: /home/danny/hik_ros2_task4/install/hik_camera/share/hik_camera/cmake/hik_cameraConfig-version.cmake
-- Installing: /home/danny/hik_ros2_task4/install/hik_camera/share/hik_camera/package.xml
