[0.016s] Invoking command in '/home/danny/hik_ros2_task4/build/hik_camera': CMAKE_PREFIX_PATH=${CMAKE_PREFIX_PATH}:/home/danny/ros2_ws/install/my_first_package:/opt/ros/humble /usr/bin/cmake --build /home/danny/hik_ros2_task4/build/hik_camera -- -j28 -l28
[0.065s] -- Found ament_cmake: 1.3.12 (/opt/ros/humble/share/ament_cmake/cmake)
[0.253s] -- Found rclcpp: 16.0.15 (/opt/ros/humble/share/rclcpp/cmake)
[0.290s] -- Found rosidl_generator_c: 3.1.7 (/opt/ros/humble/share/rosidl_generator_c/cmake)
[0.292s] -- Found rosidl_adapter: 3.1.7 (/opt/ros/humble/share/rosidl_adapter/cmake)
[0.300s] -- Found rosidl_generator_cpp: 3.1.7 (/opt/ros/humble/share/rosidl_generator_cpp/cmake)
[0.311s] -- Using all available rosidl_typesupport_c: rosidl_typesupport_fastrtps_c;rosidl_typesupport_introspection_c
[0.332s] -- Using all available rosidl_typesupport_cpp: rosidl_typesupport_fastrtps_cpp;rosidl_typesupport_introspection_cpp
[0.386s] -- Found rmw_implementation_cmake: 6.1.2 (/opt/ros/humble/share/rmw_implementation_cmake/cmake)
[0.389s] -- Found rmw_fastrtps_cpp: 6.2.8 (/opt/ros/humble/share/rmw_fastrtps_cpp/cmake)
[0.649s] -- Using RMW implementation 'rmw_fastrtps_cpp' as default
[0.775s] -- Found sensor_msgs: 4.9.0 (/opt/ros/humble/share/sensor_msgs/cmake)
[0.853s] -- Found cv_bridge: 3.2.1 (/opt/ros/humble/share/cv_bridge/cmake)
[0.866s] -- Found image_transport: 3.1.12 (/opt/ros/humble/share/image_transport/cmake)
[0.917s] -- Found camera_info_manager: 3.1.12 (/opt/ros/humble/share/camera_info_manager/cmake)
[0.941s] -- Found Hikvision MVS SDK: /opt/MVS/include, /opt/MVS/lib/64/libMvCameraControl.so
[0.941s] -- Found ament_lint_auto: 0.12.14 (/opt/ros/humble/share/ament_lint_auto/cmake)
[1.124s] -- Added test 'cppcheck' to perform static code analysis on C / C++ code
[1.124s] -- Configured cppcheck include dirs: /home/danny/hik_ros2_task4/src/hik_camera/include
[1.125s] -- Configured cppcheck exclude dirs and/or files: 
[1.125s] -- Added test 'flake8' to check Python code syntax and style conventions
[1.126s] -- Added test 'lint_cmake' to check CMake code style
[1.127s] -- Added test 'pep257' to check Python code against some of the docstring style conventions in PEP 257
[1.129s] -- Added test 'uncrustify' to check C / C++ code style
[1.129s] -- Configured uncrustify additional arguments: 
[1.129s] -- Added test 'xmllint' to check XML markup files
[1.131s] -- Configuring done
[1.284s] -- Generating done
[1.303s] -- Build files have been written to: /home/danny/hik_ros2_task4/build/hik_camera
[1.367s] [35m[1mConsolidate compiler generated dependencies of target hik_camera_node[0m
[1.400s] [ 33%] [32mBuilding CXX object CMakeFiles/hik_camera_node.dir/src/hik_camera_node.cpp.o[0m
[1.401s] [ 66%] [32mBuilding CXX object CMakeFiles/hik_camera_node.dir/src/main.cpp.o[0m
[8.670s] [100%] [32m[1mLinking CXX executable hik_camera_node[0m
[11.794s] [100%] Built target hik_camera_node
[11.810s] Invoked command in '/home/danny/hik_ros2_task4/build/hik_camera' returned '0': CMAKE_PREFIX_PATH=${CMAKE_PREFIX_PATH}:/home/danny/ros2_ws/install/my_first_package:/opt/ros/humble /usr/bin/cmake --build /home/danny/hik_ros2_task4/build/hik_camera -- -j28 -l28
[11.823s] Invoking command in '/home/danny/hik_ros2_task4/build/hik_camera': CMAKE_PREFIX_PATH=${CMAKE_PREFIX_PATH}:/home/danny/ros2_ws/install/my_first_package:/opt/ros/humble /usr/bin/cmake --install /home/danny/hik_ros2_task4/build/hik_camera
[11.831s] -- Install configuration: ""
[11.831s] -- Installing: /home/danny/hik_ros2_task4/install/hik_camera/lib/hik_camera/hik_camera_node
[11.832s] -- Set runtime path of "/home/danny/hik_ros2_task4/install/hik_camera/lib/hik_camera/hik_camera_node" to ""
[11.832s] -- Installing: /home/danny/hik_ros2_task4/install/hik_camera/share/hik_camera/launch
[11.832s] -- Installing: /home/danny/hik_ros2_task4/install/hik_camera/share/hik_camera/launch/real_camera.launch.py
[11.833s] -- Installing: /home/danny/hik_ros2_task4/install/hik_camera/share/hik_camera/config
[11.833s] -- Installing: /home/danny/hik_ros2_task4/install/hik_camera/share/hik_camera/config/hik_camera_params.yaml
[11.833s] -- Installing: /home/danny/hik_ros2_task4/install/hik_camera/share/ament_index/resource_index/package_run_dependencies/hik_camera
[11.833s] -- Installing: /home/danny/hik_ros2_task4/install/hik_camera/share/ament_index/resource_index/parent_prefix_path/hik_camera
[11.833s] -- Up-to-date: /home/danny/hik_ros2_task4/install/hik_camera/share/hik_camera/environment/ament_prefix_path.sh
[11.833s] -- Installing: /home/danny/hik_ros2_task4/install/hik_camera/share/hik_camera/environment/ament_prefix_path.dsv
[11.833s] -- Up-to-date: /home/danny/hik_ros2_task4/install/hik_camera/share/hik_camera/environment/path.sh
[11.833s] -- Installing: /home/danny/hik_ros2_task4/install/hik_camera/share/hik_camera/environment/path.dsv
[11.833s] -- Up-to-date: /home/danny/hik_ros2_task4/install/hik_camera/share/hik_camera/local_setup.bash
[11.833s] -- Up-to-date: /home/danny/hik_ros2_task4/install/hik_camera/share/hik_camera/local_setup.sh
[11.833s] -- Up-to-date: /home/danny/hik_ros2_task4/install/hik_camera/share/hik_camera/local_setup.zsh
[11.833s] -- Installing: /home/danny/hik_ros2_task4/install/hik_camera/share/hik_camera/local_setup.dsv
[11.833s] -- Installing: /home/danny/hik_ros2_task4/install/hik_camera/share/hik_camera/package.dsv
[11.834s] -- Up-to-date: /home/danny/hik_ros2_task4/install/hik_camera/share/ament_index/resource_index/packages/hik_camera
[11.834s] -- Up-to-date: /home/danny/hik_ros2_task4/install/hik_camera/share/hik_camera/cmake/hik_cameraConfig.cmake
[11.834s] -- Up-to-date: /home/danny/hik_ros2_task4/install/hik_camera/share/hik_camera/cmake/hik_cameraConfig-version.cmake
[11.834s] -- Installing: /home/danny/hik_ros2_task4/install/hik_camera/share/hik_camera/package.xml
[11.835s] Invoked command in '/home/danny/hik_ros2_task4/build/hik_camera' returned '0': CMAKE_PREFIX_PATH=${CMAKE_PREFIX_PATH}:/home/danny/ros2_ws/install/my_first_package:/opt/ros/humble /usr/bin/cmake --install /home/danny/hik_ros2_task4/build/hik_camera
