[0.013s] Invoking command in '/home/danny/hik_ros2_task4/build/hik_camera': CMAKE_PREFIX_PATH=${CMAKE_PREFIX_PATH}:/home/danny/ros2_ws/install/my_first_package:/opt/ros/humble /usr/bin/cmake --build /home/danny/hik_ros2_task4/build/hik_camera -- -j28 -l28
[0.120s] [100%] Built target hik_camera_node
[0.146s] Invoked command in '/home/danny/hik_ros2_task4/build/hik_camera' returned '0': CMAKE_PREFIX_PATH=${CMAKE_PREFIX_PATH}:/home/danny/ros2_ws/install/my_first_package:/opt/ros/humble /usr/bin/cmake --build /home/danny/hik_ros2_task4/build/hik_camera -- -j28 -l28
[0.167s] Invoking command in '/home/danny/hik_ros2_task4/build/hik_camera': CMAKE_PREFIX_PATH=${CMAKE_PREFIX_PATH}:/home/danny/ros2_ws/install/my_first_package:/opt/ros/humble /usr/bin/cmake --install /home/danny/hik_ros2_task4/build/hik_camera
[0.186s] -- Install configuration: ""
[0.186s] -- Up-to-date: /home/danny/hik_ros2_task4/install/hik_camera/lib/hik_camera/hik_camera_node
[0.187s] -- Up-to-date: /home/danny/hik_ros2_task4/install/hik_camera/share/hik_camera/launch
[0.187s] -- Installing: /home/danny/hik_ros2_task4/install/hik_camera/share/hik_camera/launch/camera.launch.py
[0.188s] -- Up-to-date: /home/danny/hik_ros2_task4/install/hik_camera/share/hik_camera/config
[0.188s] -- Up-to-date: /home/danny/hik_ros2_task4/install/hik_camera/share/hik_camera/config/hik_camera_params.yaml
[0.188s] -- Up-to-date: /home/danny/hik_ros2_task4/install/hik_camera/share/ament_index/resource_index/package_run_dependencies/hik_camera
[0.188s] -- Up-to-date: /home/danny/hik_ros2_task4/install/hik_camera/share/ament_index/resource_index/parent_prefix_path/hik_camera
[0.189s] -- Up-to-date: /home/danny/hik_ros2_task4/install/hik_camera/share/hik_camera/environment/ament_prefix_path.sh
[0.189s] -- Up-to-date: /home/danny/hik_ros2_task4/install/hik_camera/share/hik_camera/environment/ament_prefix_path.dsv
[0.189s] -- Up-to-date: /home/danny/hik_ros2_task4/install/hik_camera/share/hik_camera/environment/path.sh
[0.189s] -- Up-to-date: /home/danny/hik_ros2_task4/install/hik_camera/share/hik_camera/environment/path.dsv
[0.189s] -- Up-to-date: /home/danny/hik_ros2_task4/install/hik_camera/share/hik_camera/local_setup.bash
[0.189s] -- Up-to-date: /home/danny/hik_ros2_task4/install/hik_camera/share/hik_camera/local_setup.sh
[0.189s] -- Up-to-date: /home/danny/hik_ros2_task4/install/hik_camera/share/hik_camera/local_setup.zsh
[0.189s] -- Up-to-date: /home/danny/hik_ros2_task4/install/hik_camera/share/hik_camera/local_setup.dsv
[0.190s] -- Installing: /home/danny/hik_ros2_task4/install/hik_camera/share/hik_camera/package.dsv
[0.190s] -- Up-to-date: /home/danny/hik_ros2_task4/install/hik_camera/share/ament_index/resource_index/packages/hik_camera
[0.190s] -- Up-to-date: /home/danny/hik_ros2_task4/install/hik_camera/share/hik_camera/cmake/hik_cameraConfig.cmake
[0.190s] -- Up-to-date: /home/danny/hik_ros2_task4/install/hik_camera/share/hik_camera/cmake/hik_cameraConfig-version.cmake
[0.190s] -- Up-to-date: /home/danny/hik_ros2_task4/install/hik_camera/share/hik_camera/package.xml
[0.192s] Invoked command in '/home/danny/hik_ros2_task4/build/hik_camera' returned '0': CMAKE_PREFIX_PATH=${CMAKE_PREFIX_PATH}:/home/danny/ros2_ws/install/my_first_package:/opt/ros/humble /usr/bin/cmake --install /home/danny/hik_ros2_task4/build/hik_camera
