[0.013s] Invoking command in '/home/danny/hik_ros2_task4/build/hik_camera': CMAKE_PREFIX_PATH=${CMAKE_PREFIX_PATH}:/home/danny/ros2_ws/install/my_first_package:/opt/ros/humble /usr/bin/cmake --build /home/danny/hik_ros2_task4/build/hik_camera -- -j28 -l28
[0.064s] Invoked command in '/home/danny/hik_ros2_task4/build/hik_camera' returned '0': CMAKE_PREFIX_PATH=${CMAKE_PREFIX_PATH}:/home/danny/ros2_ws/install/my_first_package:/opt/ros/humble /usr/bin/cmake --build /home/danny/hik_ros2_task4/build/hik_camera -- -j28 -l28
[0.077s] Invoking command in '/home/danny/hik_ros2_task4/build/hik_camera': CMAKE_PREFIX_PATH=${CMAKE_PREFIX_PATH}:/home/danny/ros2_ws/install/my_first_package:/opt/ros/humble /usr/bin/cmake --install /home/danny/hik_ros2_task4/build/hik_camera
[0.085s] -- Install configuration: ""
[0.085s] -- Up-to-date: /home/danny/hik_ros2_task4/install/hik_camera/share/ament_index/resource_index/package_run_dependencies/hik_camera
[0.085s] -- Up-to-date: /home/danny/hik_ros2_task4/install/hik_camera/share/ament_index/resource_index/parent_prefix_path/hik_camera
[0.085s] -- Up-to-date: /home/danny/hik_ros2_task4/install/hik_camera/share/hik_camera/environment/ament_prefix_path.sh
[0.085s] -- Up-to-date: /home/danny/hik_ros2_task4/install/hik_camera/share/hik_camera/environment/ament_prefix_path.dsv
[0.085s] -- Up-to-date: /home/danny/hik_ros2_task4/install/hik_camera/share/hik_camera/environment/path.sh
[0.085s] -- Up-to-date: /home/danny/hik_ros2_task4/install/hik_camera/share/hik_camera/environment/path.dsv
[0.085s] -- Up-to-date: /home/danny/hik_ros2_task4/install/hik_camera/share/hik_camera/local_setup.bash
[0.085s] -- Up-to-date: /home/danny/hik_ros2_task4/install/hik_camera/share/hik_camera/local_setup.sh
[0.085s] -- Up-to-date: /home/danny/hik_ros2_task4/install/hik_camera/share/hik_camera/local_setup.zsh
[0.085s] -- Up-to-date: /home/danny/hik_ros2_task4/install/hik_camera/share/hik_camera/local_setup.dsv
[0.086s] -- Up-to-date: /home/danny/hik_ros2_task4/install/hik_camera/share/hik_camera/package.dsv
[0.086s] -- Up-to-date: /home/danny/hik_ros2_task4/install/hik_camera/share/ament_index/resource_index/packages/hik_camera
[0.086s] -- Up-to-date: /home/danny/hik_ros2_task4/install/hik_camera/share/hik_camera/cmake/hik_cameraConfig.cmake
[0.086s] -- Up-to-date: /home/danny/hik_ros2_task4/install/hik_camera/share/hik_camera/cmake/hik_cameraConfig-version.cmake
[0.086s] -- Up-to-date: /home/danny/hik_ros2_task4/install/hik_camera/share/hik_camera/package.xml
[0.087s] Invoked command in '/home/danny/hik_ros2_task4/build/hik_camera' returned '0': CMAKE_PREFIX_PATH=${CMAKE_PREFIX_PATH}:/home/danny/ros2_ws/install/my_first_package:/opt/ros/humble /usr/bin/cmake --install /home/danny/hik_ros2_task4/build/hik_camera
