[0.111s] DEBUG:colcon:Command line arguments: ['/usr/bin/colcon', 'build', '--packages-select', 'hik_camera']
[0.111s] DEBUG:colcon:Parsed command line arguments: Namespace(log_base=None, log_level=None, verb_name='build', build_base='build', install_base='install', merge_install=False, symlink_install=False, test_result_base=None, continue_on_error=False, executor='parallel', parallel_workers=28, event_handlers=None, ignore_user_meta=False, metas=['./colcon.meta'], base_paths=['.'], packages_ignore=None, packages_ignore_regex=None, paths=None, packages_up_to=None, packages_up_to_regex=None, packages_above=None, packages_above_and_dependencies=None, packages_above_depth=None, packages_select_by_dep=None, packages_skip_by_dep=None, packages_skip_up_to=None, packages_select_build_failed=False, packages_skip_build_finished=False, packages_select_test_failures=False, packages_skip_test_passed=False, packages_select=['hik_camera'], packages_skip=None, packages_select_regex=None, packages_skip_regex=None, packages_start=None, packages_end=None, allow_overriding=[], cmake_args=None, cmake_target=None, cmake_target_skip_unavailable=False, cmake_clean_cache=False, cmake_clean_first=False, cmake_force_configure=False, ament_cmake_args=None, catkin_cmake_args=None, catkin_skip_building_tests=False, verb_parser=<colcon_defaults.argument_parser.defaults.DefaultArgumentsDecorator object at 0x7f3344f0f790>, verb_extension=<colcon_core.verb.build.BuildVerb object at 0x7f3344f0f280>, main=<bound method BuildVerb.main of <colcon_core.verb.build.BuildVerb object at 0x7f3344f0f280>>)
[0.258s] Level 1:colcon.colcon_core.package_discovery:discover_packages(colcon_meta) check parameters
[0.258s] Level 1:colcon.colcon_core.package_discovery:discover_packages(recursive) check parameters
[0.258s] Level 1:colcon.colcon_core.package_discovery:discover_packages(ignore) check parameters
[0.258s] Level 1:colcon.colcon_core.package_discovery:discover_packages(path) check parameters
[0.258s] Level 1:colcon.colcon_core.package_discovery:discover_packages(colcon_meta) discover
[0.258s] Level 1:colcon.colcon_core.package_discovery:discover_packages(recursive) discover
[0.258s] INFO:colcon.colcon_core.package_discovery:Crawling recursively for packages in '/home/danny/hik_ros2_task4'
[0.258s] Level 1:colcon.colcon_core.package_identification:_identify(.) by extensions ['ignore', 'ignore_ament_install']
[0.259s] Level 1:colcon.colcon_core.package_identification:_identify(.) by extension 'ignore'
[0.259s] Level 1:colcon.colcon_core.package_identification:_identify(.) by extension 'ignore_ament_install'
[0.259s] Level 1:colcon.colcon_core.package_identification:_identify(.) by extensions ['colcon_pkg']
[0.259s] Level 1:colcon.colcon_core.package_identification:_identify(.) by extension 'colcon_pkg'
[0.259s] Level 1:colcon.colcon_core.package_identification:_identify(.) by extensions ['colcon_meta']
[0.259s] Level 1:colcon.colcon_core.package_identification:_identify(.) by extension 'colcon_meta'
[0.259s] Level 1:colcon.colcon_core.package_identification:_identify(.) by extensions ['ros']
[0.259s] Level 1:colcon.colcon_core.package_identification:_identify(.) by extension 'ros'
[0.274s] Level 1:colcon.colcon_core.package_identification:_identify(.) by extensions ['cmake', 'python']
[0.274s] Level 1:colcon.colcon_core.package_identification:_identify(.) by extension 'cmake'
[0.274s] Level 1:colcon.colcon_core.package_identification:_identify(.) by extension 'python'
[0.274s] Level 1:colcon.colcon_core.package_identification:_identify(.) by extensions ['python_setup_py']
[0.274s] Level 1:colcon.colcon_core.package_identification:_identify(.) by extension 'python_setup_py'
[0.274s] Level 1:colcon.colcon_core.package_identification:_identify(build) by extensions ['ignore', 'ignore_ament_install']
[0.274s] Level 1:colcon.colcon_core.package_identification:_identify(build) by extension 'ignore'
[0.274s] Level 1:colcon.colcon_core.package_identification:_identify(build) ignored
[0.274s] Level 1:colcon.colcon_core.package_identification:_identify(install) by extensions ['ignore', 'ignore_ament_install']
[0.274s] Level 1:colcon.colcon_core.package_identification:_identify(install) by extension 'ignore'
[0.274s] Level 1:colcon.colcon_core.package_identification:_identify(install) ignored
[0.275s] Level 1:colcon.colcon_core.package_identification:_identify(log) by extensions ['ignore', 'ignore_ament_install']
[0.275s] Level 1:colcon.colcon_core.package_identification:_identify(log) by extension 'ignore'
[0.275s] Level 1:colcon.colcon_core.package_identification:_identify(log) ignored
[0.275s] Level 1:colcon.colcon_core.package_identification:_identify(src) by extensions ['ignore', 'ignore_ament_install']
[0.275s] Level 1:colcon.colcon_core.package_identification:_identify(src) by extension 'ignore'
[0.275s] Level 1:colcon.colcon_core.package_identification:_identify(src) by extension 'ignore_ament_install'
[0.275s] Level 1:colcon.colcon_core.package_identification:_identify(src) by extensions ['colcon_pkg']
[0.275s] Level 1:colcon.colcon_core.package_identification:_identify(src) by extension 'colcon_pkg'
[0.275s] Level 1:colcon.colcon_core.package_identification:_identify(src) by extensions ['colcon_meta']
[0.275s] Level 1:colcon.colcon_core.package_identification:_identify(src) by extension 'colcon_meta'
[0.275s] Level 1:colcon.colcon_core.package_identification:_identify(src) by extensions ['ros']
[0.275s] Level 1:colcon.colcon_core.package_identification:_identify(src) by extension 'ros'
[0.275s] Level 1:colcon.colcon_core.package_identification:_identify(src) by extensions ['cmake', 'python']
[0.275s] Level 1:colcon.colcon_core.package_identification:_identify(src) by extension 'cmake'
[0.275s] Level 1:colcon.colcon_core.package_identification:_identify(src) by extension 'python'
[0.275s] Level 1:colcon.colcon_core.package_identification:_identify(src) by extensions ['python_setup_py']
[0.275s] Level 1:colcon.colcon_core.package_identification:_identify(src) by extension 'python_setup_py'
[0.275s] Level 1:colcon.colcon_core.package_identification:_identify(src/hik_camera) by extensions ['ignore', 'ignore_ament_install']
[0.275s] Level 1:colcon.colcon_core.package_identification:_identify(src/hik_camera) by extension 'ignore'
[0.276s] Level 1:colcon.colcon_core.package_identification:_identify(src/hik_camera) by extension 'ignore_ament_install'
[0.276s] Level 1:colcon.colcon_core.package_identification:_identify(src/hik_camera) by extensions ['colcon_pkg']
[0.276s] Level 1:colcon.colcon_core.package_identification:_identify(src/hik_camera) by extension 'colcon_pkg'
[0.276s] Level 1:colcon.colcon_core.package_identification:_identify(src/hik_camera) by extensions ['colcon_meta']
[0.276s] Level 1:colcon.colcon_core.package_identification:_identify(src/hik_camera) by extension 'colcon_meta'
[0.276s] Level 1:colcon.colcon_core.package_identification:_identify(src/hik_camera) by extensions ['ros']
[0.276s] Level 1:colcon.colcon_core.package_identification:_identify(src/hik_camera) by extension 'ros'
[0.279s] DEBUG:colcon.colcon_core.package_identification:Package 'src/hik_camera' with type 'ros.ament_cmake' and name 'hik_camera'
[0.279s] Level 1:colcon.colcon_core.package_discovery:discover_packages(recursive) using defaults
[0.279s] Level 1:colcon.colcon_core.package_discovery:discover_packages(ignore) discover
[0.279s] Level 1:colcon.colcon_core.package_discovery:discover_packages(ignore) using defaults
[0.279s] Level 1:colcon.colcon_core.package_discovery:discover_packages(path) discover
[0.279s] Level 1:colcon.colcon_core.package_discovery:discover_packages(path) using defaults
[0.301s] Level 1:colcon.colcon_core.package_discovery:discover_packages(prefix_path) check parameters
[0.301s] Level 1:colcon.colcon_core.package_discovery:discover_packages(prefix_path) discover
[0.303s] DEBUG:colcon.colcon_installed_package_information.package_discovery:Found 2 installed packages in /home/danny/ros2_ws/install
[0.304s] DEBUG:colcon.colcon_installed_package_information.package_discovery:Found 273 installed packages in /opt/ros/humble
[0.306s] Level 1:colcon.colcon_core.package_discovery:discover_packages(prefix_path) using defaults
[0.350s] Level 5:colcon.colcon_core.verb:set package 'hik_camera' build argument 'cmake_args' from command line to 'None'
[0.350s] Level 5:colcon.colcon_core.verb:set package 'hik_camera' build argument 'cmake_target' from command line to 'None'
[0.350s] Level 5:colcon.colcon_core.verb:set package 'hik_camera' build argument 'cmake_target_skip_unavailable' from command line to 'False'
[0.350s] Level 5:colcon.colcon_core.verb:set package 'hik_camera' build argument 'cmake_clean_cache' from command line to 'False'
[0.350s] Level 5:colcon.colcon_core.verb:set package 'hik_camera' build argument 'cmake_clean_first' from command line to 'False'
[0.350s] Level 5:colcon.colcon_core.verb:set package 'hik_camera' build argument 'cmake_force_configure' from command line to 'False'
[0.350s] Level 5:colcon.colcon_core.verb:set package 'hik_camera' build argument 'ament_cmake_args' from command line to 'None'
[0.350s] Level 5:colcon.colcon_core.verb:set package 'hik_camera' build argument 'catkin_cmake_args' from command line to 'None'
[0.350s] Level 5:colcon.colcon_core.verb:set package 'hik_camera' build argument 'catkin_skip_building_tests' from command line to 'False'
[0.350s] DEBUG:colcon.colcon_core.verb:Building package 'hik_camera' with the following arguments: {'ament_cmake_args': None, 'build_base': '/home/danny/hik_ros2_task4/build/hik_camera', 'catkin_cmake_args': None, 'catkin_skip_building_tests': False, 'cmake_args': None, 'cmake_clean_cache': False, 'cmake_clean_first': False, 'cmake_force_configure': False, 'cmake_target': None, 'cmake_target_skip_unavailable': False, 'install_base': '/home/danny/hik_ros2_task4/install/hik_camera', 'merge_install': False, 'path': '/home/danny/hik_ros2_task4/src/hik_camera', 'symlink_install': False, 'test_result_base': None}
[0.350s] INFO:colcon.colcon_core.executor:Executing jobs using 'parallel' executor
[0.351s] DEBUG:colcon.colcon_parallel_executor.executor.parallel:run_until_complete
[0.352s] INFO:colcon.colcon_ros.task.ament_cmake.build:Building ROS package in '/home/danny/hik_ros2_task4/src/hik_camera' with build type 'ament_cmake'
[0.352s] INFO:colcon.colcon_cmake.task.cmake.build:Building CMake package in '/home/danny/hik_ros2_task4/src/hik_camera'
[0.354s] INFO:colcon.colcon_core.plugin_system:Skipping extension 'colcon_core.shell.bat': Not used on non-Windows systems
[0.354s] INFO:colcon.colcon_core.shell:Skip shell extension 'powershell' for command environment: Not usable outside of PowerShell
[0.354s] DEBUG:colcon.colcon_core.shell:Skip shell extension 'dsv' for command environment
[0.361s] DEBUG:colcon.colcon_core.event_handler.log_command:Invoking command in '/home/danny/hik_ros2_task4/build/hik_camera': CMAKE_PREFIX_PATH=${CMAKE_PREFIX_PATH}:/home/danny/ros2_ws/install/my_first_package:/opt/ros/humble /usr/bin/cmake /home/danny/hik_ros2_task4/src/hik_camera -DCMAKE_INSTALL_PREFIX=/home/danny/hik_ros2_task4/install/hik_camera
[1.887s] DEBUG:colcon.colcon_core.event_handler.log_command:Invoked command in '/home/danny/hik_ros2_task4/build/hik_camera' returned '0': CMAKE_PREFIX_PATH=${CMAKE_PREFIX_PATH}:/home/danny/ros2_ws/install/my_first_package:/opt/ros/humble /usr/bin/cmake /home/danny/hik_ros2_task4/src/hik_camera -DCMAKE_INSTALL_PREFIX=/home/danny/hik_ros2_task4/install/hik_camera
[1.888s] DEBUG:colcon.colcon_core.event_handler.log_command:Invoking command in '/home/danny/hik_ros2_task4/build/hik_camera': CMAKE_PREFIX_PATH=${CMAKE_PREFIX_PATH}:/home/danny/ros2_ws/install/my_first_package:/opt/ros/humble /usr/bin/cmake --build /home/danny/hik_ros2_task4/build/hik_camera -- -j28 -l28
[1.938s] DEBUG:colcon.colcon_core.event_handler.log_command:Invoked command in '/home/danny/hik_ros2_task4/build/hik_camera' returned '0': CMAKE_PREFIX_PATH=${CMAKE_PREFIX_PATH}:/home/danny/ros2_ws/install/my_first_package:/opt/ros/humble /usr/bin/cmake --build /home/danny/hik_ros2_task4/build/hik_camera -- -j28 -l28
[1.950s] DEBUG:colcon.colcon_core.event_handler.log_command:Invoking command in '/home/danny/hik_ros2_task4/build/hik_camera': CMAKE_PREFIX_PATH=${CMAKE_PREFIX_PATH}:/home/danny/ros2_ws/install/my_first_package:/opt/ros/humble /usr/bin/cmake --install /home/danny/hik_ros2_task4/build/hik_camera
[1.961s] Level 1:colcon.colcon_core.environment:create_environment_scripts_only(hik_camera)
[1.961s] DEBUG:colcon.colcon_core.event_handler.log_command:Invoked command in '/home/danny/hik_ros2_task4/build/hik_camera' returned '0': CMAKE_PREFIX_PATH=${CMAKE_PREFIX_PATH}:/home/danny/ros2_ws/install/my_first_package:/opt/ros/humble /usr/bin/cmake --install /home/danny/hik_ros2_task4/build/hik_camera
[1.965s] Level 1:colcon.colcon_core.environment:checking '/home/danny/hik_ros2_task4/install/hik_camera' for CMake module files
[1.966s] Level 1:colcon.colcon_core.environment:checking '/home/danny/hik_ros2_task4/install/hik_camera' for CMake config files
[1.966s] Level 1:colcon.colcon_core.shell:create_environment_hook('hik_camera', 'cmake_prefix_path')
[1.967s] INFO:colcon.colcon_core.shell:Creating environment hook '/home/danny/hik_ros2_task4/install/hik_camera/share/hik_camera/hook/cmake_prefix_path.ps1'
[1.968s] INFO:colcon.colcon_core.shell:Creating environment descriptor '/home/danny/hik_ros2_task4/install/hik_camera/share/hik_camera/hook/cmake_prefix_path.dsv'
[1.969s] INFO:colcon.colcon_core.shell:Creating environment hook '/home/danny/hik_ros2_task4/install/hik_camera/share/hik_camera/hook/cmake_prefix_path.sh'
[1.970s] Level 1:colcon.colcon_core.environment:checking '/home/danny/hik_ros2_task4/install/hik_camera/bin'
[1.970s] Level 1:colcon.colcon_core.environment:checking '/home/danny/hik_ros2_task4/install/hik_camera/lib/pkgconfig/hik_camera.pc'
[1.970s] Level 1:colcon.colcon_core.environment:checking '/home/danny/hik_ros2_task4/install/hik_camera/lib/python3.10/site-packages'
[1.971s] Level 1:colcon.colcon_core.environment:checking '/home/danny/hik_ros2_task4/install/hik_camera/bin'
[1.971s] INFO:colcon.colcon_core.shell:Creating package script '/home/danny/hik_ros2_task4/install/hik_camera/share/hik_camera/package.ps1'
[1.972s] INFO:colcon.colcon_core.shell:Creating package descriptor '/home/danny/hik_ros2_task4/install/hik_camera/share/hik_camera/package.dsv'
[1.973s] INFO:colcon.colcon_core.shell:Creating package script '/home/danny/hik_ros2_task4/install/hik_camera/share/hik_camera/package.sh'
[1.974s] INFO:colcon.colcon_core.shell:Creating package script '/home/danny/hik_ros2_task4/install/hik_camera/share/hik_camera/package.bash'
[1.974s] INFO:colcon.colcon_core.shell:Creating package script '/home/danny/hik_ros2_task4/install/hik_camera/share/hik_camera/package.zsh'
[1.975s] Level 1:colcon.colcon_core.environment:create_file_with_runtime_dependencies(/home/danny/hik_ros2_task4/install/hik_camera/share/colcon-core/packages/hik_camera)
[1.976s] Level 1:colcon.colcon_core.environment:create_environment_scripts_only(hik_camera)
[1.976s] Level 1:colcon.colcon_core.environment:checking '/home/danny/hik_ros2_task4/install/hik_camera' for CMake module files
[1.977s] Level 1:colcon.colcon_core.environment:checking '/home/danny/hik_ros2_task4/install/hik_camera' for CMake config files
[1.977s] Level 1:colcon.colcon_core.shell:create_environment_hook('hik_camera', 'cmake_prefix_path')
[1.978s] INFO:colcon.colcon_core.shell:Creating environment hook '/home/danny/hik_ros2_task4/install/hik_camera/share/hik_camera/hook/cmake_prefix_path.ps1'
[1.978s] INFO:colcon.colcon_core.shell:Creating environment descriptor '/home/danny/hik_ros2_task4/install/hik_camera/share/hik_camera/hook/cmake_prefix_path.dsv'
[1.978s] INFO:colcon.colcon_core.shell:Creating environment hook '/home/danny/hik_ros2_task4/install/hik_camera/share/hik_camera/hook/cmake_prefix_path.sh'
[1.979s] Level 1:colcon.colcon_core.environment:checking '/home/danny/hik_ros2_task4/install/hik_camera/bin'
[1.979s] Level 1:colcon.colcon_core.environment:checking '/home/danny/hik_ros2_task4/install/hik_camera/lib/pkgconfig/hik_camera.pc'
[1.980s] Level 1:colcon.colcon_core.environment:checking '/home/danny/hik_ros2_task4/install/hik_camera/lib/python3.10/site-packages'
[1.980s] Level 1:colcon.colcon_core.environment:checking '/home/danny/hik_ros2_task4/install/hik_camera/bin'
[1.980s] INFO:colcon.colcon_core.shell:Creating package script '/home/danny/hik_ros2_task4/install/hik_camera/share/hik_camera/package.ps1'
[1.981s] INFO:colcon.colcon_core.shell:Creating package descriptor '/home/danny/hik_ros2_task4/install/hik_camera/share/hik_camera/package.dsv'
[1.981s] INFO:colcon.colcon_core.shell:Creating package script '/home/danny/hik_ros2_task4/install/hik_camera/share/hik_camera/package.sh'
[1.982s] INFO:colcon.colcon_core.shell:Creating package script '/home/danny/hik_ros2_task4/install/hik_camera/share/hik_camera/package.bash'
[1.982s] INFO:colcon.colcon_core.shell:Creating package script '/home/danny/hik_ros2_task4/install/hik_camera/share/hik_camera/package.zsh'
[1.983s] Level 1:colcon.colcon_core.environment:create_file_with_runtime_dependencies(/home/danny/hik_ros2_task4/install/hik_camera/share/colcon-core/packages/hik_camera)
[1.983s] DEBUG:colcon.colcon_parallel_executor.executor.parallel:closing loop
[1.983s] DEBUG:colcon.colcon_parallel_executor.executor.parallel:loop closed
[1.983s] DEBUG:colcon.colcon_parallel_executor.executor.parallel:run_until_complete finished with '0'
[1.983s] DEBUG:colcon.colcon_core.event_reactor:joining thread
[1.989s] INFO:colcon.colcon_core.plugin_system:Skipping extension 'colcon_notification.desktop_notification.terminal_notifier': Not used on non-Darwin systems
[1.989s] INFO:colcon.colcon_core.plugin_system:Skipping extension 'colcon_notification.desktop_notification.win32': Not used on non-Windows systems
[1.989s] INFO:colcon.colcon_notification.desktop_notification:Sending desktop notification using 'notify2'
[2.008s] DEBUG:colcon.colcon_core.event_reactor:joined thread
[2.009s] INFO:colcon.colcon_core.shell:Creating prefix script '/home/danny/hik_ros2_task4/install/local_setup.ps1'
[2.011s] INFO:colcon.colcon_core.shell:Creating prefix util module '/home/danny/hik_ros2_task4/install/_local_setup_util_ps1.py'
[2.013s] INFO:colcon.colcon_core.shell:Creating prefix chain script '/home/danny/hik_ros2_task4/install/setup.ps1'
[2.014s] INFO:colcon.colcon_core.shell:Creating prefix script '/home/danny/hik_ros2_task4/install/local_setup.sh'
[2.015s] INFO:colcon.colcon_core.shell:Creating prefix util module '/home/danny/hik_ros2_task4/install/_local_setup_util_sh.py'
[2.016s] INFO:colcon.colcon_core.shell:Creating prefix chain script '/home/danny/hik_ros2_task4/install/setup.sh'
[2.018s] INFO:colcon.colcon_core.shell:Creating prefix script '/home/danny/hik_ros2_task4/install/local_setup.bash'
[2.019s] INFO:colcon.colcon_core.shell:Creating prefix chain script '/home/danny/hik_ros2_task4/install/setup.bash'
[2.021s] INFO:colcon.colcon_core.shell:Creating prefix script '/home/danny/hik_ros2_task4/install/local_setup.zsh'
[2.022s] INFO:colcon.colcon_core.shell:Creating prefix chain script '/home/danny/hik_ros2_task4/install/setup.zsh'
