[0.013s] Invoking command in '/home/danny/hik_ros2_task4/build/hik_camera': CMAKE_PREFIX_PATH=${CMAKE_PREFIX_PATH}:/home/danny/ros2_ws/install/my_first_package:/opt/ros/humble /usr/bin/cmake --build /home/danny/hik_ros2_task4/build/hik_camera -- -j28 -l28
[0.047s] -- Found ament_cmake: 1.3.12 (/opt/ros/humble/share/ament_cmake/cmake)
[0.200s] -- Found rclcpp: 16.0.15 (/opt/ros/humble/share/rclcpp/cmake)
[0.239s] -- Found rosidl_generator_c: 3.1.7 (/opt/ros/humble/share/rosidl_generator_c/cmake)
[0.242s] -- Found rosidl_adapter: 3.1.7 (/opt/ros/humble/share/rosidl_adapter/cmake)
[0.248s] -- Found rosidl_generator_cpp: 3.1.7 (/opt/ros/humble/share/rosidl_generator_cpp/cmake)
[0.260s] -- Using all available rosidl_typesupport_c: rosidl_typesupport_fastrtps_c;rosidl_typesupport_introspection_c
[0.273s] -- Using all available rosidl_typesupport_cpp: rosidl_typesupport_fastrtps_cpp;rosidl_typesupport_introspection_cpp
[0.307s] -- Found rmw_implementation_cmake: 6.1.2 (/opt/ros/humble/share/rmw_implementation_cmake/cmake)
[0.309s] -- Found rmw_fastrtps_cpp: 6.2.8 (/opt/ros/humble/share/rmw_fastrtps_cpp/cmake)
[0.440s] -- Using RMW implementation 'rmw_fastrtps_cpp' as default
[0.496s] -- Found sensor_msgs: 4.9.0 (/opt/ros/humble/share/sensor_msgs/cmake)
[0.532s] -- Found image_transport: 3.1.12 (/opt/ros/humble/share/image_transport/cmake)
[0.558s] -- Found camera_info_manager: 3.1.12 (/opt/ros/humble/share/camera_info_manager/cmake)
[0.571s] -- Found OpenCV: /usr/local (found version "4.9.0") 
[0.652s] -- Configuring done
[0.664s] -- Generating done
[0.669s] -- Build files have been written to: /home/danny/hik_ros2_task4/build/hik_camera
[0.712s] [ 33%] [32mBuilding CXX object CMakeFiles/hik_camera_node.dir/src/temp.cpp.o[0m
[0.713s] [ 66%] [32mBuilding CXX object CMakeFiles/hik_camera_node.dir/src/hik_camera_node.cpp.o[0m
[0.742s] [100%] [32m[1mLinking CXX executable hik_camera_node[0m
[0.838s] /usr/bin/ld: /usr/lib/gcc/x86_64-linux-gnu/11/../../../x86_64-linux-gnu/Scrt1.o: in function `_start':
[0.838s] (.text+0x1b): undefined reference to `main'
[0.840s] collect2: error: ld returned 1 exit status
[0.842s] gmake[2]: *** [CMakeFiles/hik_camera_node.dir/build.make:195：hik_camera_node] 错误 1
[0.843s] gmake[1]: *** [CMakeFiles/Makefile2:137：CMakeFiles/hik_camera_node.dir/all] 错误 2
[0.843s] gmake: *** [Makefile:146：all] 错误 2
[0.847s] Invoked command in '/home/danny/hik_ros2_task4/build/hik_camera' returned '2': CMAKE_PREFIX_PATH=${CMAKE_PREFIX_PATH}:/home/danny/ros2_ws/install/my_first_package:/opt/ros/humble /usr/bin/cmake --build /home/danny/hik_ros2_task4/build/hik_camera -- -j28 -l28
